Hmm ... looks like a package
Creating pdf output from LaTeX ...
This is pdfTeX, Version 3.1415926-1.40.10 (TeX Live 2009)
entering extended mode
(./Rd2.tex
LaTeX2e <2009/09/24>
Babel <v3.8l> and hyphenation patterns for english, usenglishmax, dumylang, noh
yphenation, german-x-2009-06-19, ngerman-x-2009-06-19, ancientgreek, ibycus, ar
abic, basque, bulgarian, catalan, pinyin, coptic, croatian, czech, danish, dutc
h, esperanto, estonian, farsi, finnish, french, galician, german, ngerman, mono
greek, greek, hungarian, icelandic, indonesian, interlingua, irish, italian, ku
rmanji, latin, latvian, lithuanian, mongolian, mongolian2a, bokmal, nynorsk, po
lish, portuguese, romanian, russian, sanskrit, serbian, slovak, slovenian, span
ish, swedish, turkish, ukenglish, ukrainian, uppersorbian, welsh, loaded.

(/usr/local/texlive/2009/texmf-dist/tex/latex/base/book.cls
Document Class: book 2007/10/19 v1.4h Standard LaTeX document class
(/usr/local/texlive/2009/texmf-dist/tex/latex/base/bk10.clo))
(/Library/Frameworks/R.framework/Resources/share/texmf/Rd.sty
(/usr/local/texlive/2009/texmf-dist/tex/latex/base/ifthen.sty)
(/usr/local/texlive/2009/texmf-dist/tex/latex/tools/longtable.sty)
(/usr/local/texlive/2009/texmf-dist/tex/latex/tools/bm.sty)
(/usr/local/texlive/2009/texmf-dist/tex/latex/base/alltt.sty)
(/usr/local/texlive/2009/texmf-dist/tex/latex/tools/verbatim.sty)
(/usr/local/texlive/2009/texmf-dist/tex/latex/ltxmisc/url.sty)
(/Library/Frameworks/R.framework/Resources/share/texmf/upquote.sty
(/usr/local/texlive/2009/texmf-dist/tex/latex/base/textcomp.sty
(/usr/local/texlive/2009/texmf-dist/tex/latex/base/ts1enc.def)))
NOT loading ae (/usr/local/texlive/2009/texmf-dist/tex/latex/base/fontenc.sty
(/usr/local/texlive/2009/texmf-dist/tex/latex/base/t1enc.def))
(/usr/local/texlive/2009/texmf-dist/tex/latex/psnfss/times.sty)
NOT loading lmodern
(/usr/local/texlive/2009/texmf-dist/tex/latex/graphics/color.sty
(/usr/local/texlive/2009/texmf-dist/tex/latex/latexconfig/color.cfg)
(/usr/local/texlive/2009/texmf-dist/tex/latex/pdftex-def/pdftex.def))
(/usr/local/texlive/2009/texmf-dist/tex/latex/hyperref/hyperref.sty
(/usr/local/texlive/2009/texmf-dist/tex/latex/graphics/keyval.sty)
(/usr/local/texlive/2009/texmf-dist/tex/generic/oberdiek/ifpdf.sty)
(/usr/local/texlive/2009/texmf-dist/tex/generic/oberdiek/ifvtex.sty)
(/usr/local/texlive/2009/texmf-dist/tex/generic/ifxetex/ifxetex.sty)
(/usr/local/texlive/2009/texmf-dist/tex/latex/oberdiek/hycolor.sty
(/usr/local/texlive/2009/texmf-dist/tex/latex/oberdiek/xcolor-patch.sty))
(/usr/local/texlive/2009/texmf-dist/tex/latex/hyperref/pd1enc.def)
(/usr/local/texlive/2009/texmf-dist/tex/generic/oberdiek/etexcmds.sty
(/usr/local/texlive/2009/texmf-dist/tex/generic/oberdiek/infwarerr.sty))
(/usr/local/texlive/2009/texmf-dist/tex/latex/latexconfig/hyperref.cfg)
(/usr/local/texlive/2009/texmf-dist/tex/latex/oberdiek/kvoptions.sty
(/usr/local/texlive/2009/texmf-dist/tex/generic/oberdiek/kvsetkeys.sty))
Implicit mode ON; LaTeX internals redefined
(/usr/local/texlive/2009/texmf-dist/tex/generic/oberdiek/bitset.sty
(/usr/local/texlive/2009/texmf-dist/tex/generic/oberdiek/intcalc.sty)
(/usr/local/texlive/2009/texmf-dist/tex/generic/oberdiek/bigintcalc.sty
(/usr/local/texlive/2009/texmf-dist/tex/generic/oberdiek/pdftexcmds.sty
(/usr/local/texlive/2009/texmf-dist/tex/generic/oberdiek/ifluatex.sty)
(/usr/local/texlive/2009/texmf-dist/tex/generic/oberdiek/ltxcmds.sty))))
(/usr/local/texlive/2009/texmf-dist/tex/generic/oberdiek/atbegshi.sty))
*hyperref using default driver hpdftex*
(/usr/local/texlive/2009/texmf-dist/tex/latex/hyperref/hpdftex.def)

Package hyperref Warning: Option `hyperindex' has already been used,
(hyperref)                setting the option has no effect on input line 327.


Package hyperref Warning: Option `pagebackref' has already been used,
(hyperref)                setting the option has no effect on input line 327.

) (/usr/local/texlive/2009/texmf-dist/tex/latex/base/makeidx.sty)
(/usr/local/texlive/2009/texmf-dist/tex/latex/base/inputenc.sty
(/usr/local/texlive/2009/texmf-dist/tex/latex/base/utf8.def
(/usr/local/texlive/2009/texmf-dist/tex/latex/base/t1enc.dfu)
(/usr/local/texlive/2009/texmf-dist/tex/latex/base/ot1enc.dfu)
(/usr/local/texlive/2009/texmf-dist/tex/latex/base/omsenc.dfu)
(/usr/local/texlive/2009/texmf-dist/tex/latex/base/ts1enc.dfu))
(/usr/local/texlive/2009/texmf-dist/tex/latex/base/latin1.def))
Writing index file Rd2.idx
No file Rd2.aux.
(/usr/local/texlive/2009/texmf-dist/tex/latex/base/ts1cmr.fd)
(/usr/local/texlive/2009/texmf-dist/tex/latex/psnfss/t1ptm.fd)
(/usr/local/texlive/2009/texmf-dist/tex/context/base/supp-pdf.mkii
[Loading MPS to PDF converter (version 2006.09.02).]
) (/usr/local/texlive/2009/texmf-dist/tex/latex/hyperref/nameref.sty
(/usr/local/texlive/2009/texmf-dist/tex/latex/oberdiek/refcount.sty))
(/usr/local/texlive/2009/texmf-dist/tex/latex/psnfss/t1pcr.fd)
(/usr/local/texlive/2009/texmf-dist/tex/latex/psnfss/t1phv.fd)
(/usr/local/texlive/2009/texmf-dist/tex/latex/base/utf8.def)
(/usr/local/texlive/2009/texmf-dist/tex/latex/base/utf8.def) [1{/usr/local/texl
ive/2009/texmf-var/fonts/map/pdftex/updmap/pdftex.map}]
(/usr/local/texlive/2009/texmf-dist/tex/latex/base/utf8.def) [2]
(/usr/local/texlive/2009/texmf-dist/tex/latex/base/utf8.def)
Overfull \hbox (156.78088pt too wide) in paragraph at lines 121--121
 []\T1/pcr/m/n/10 gorth(genelist, source_organism="mmusculus", target_organism=
"hsapiens", mthreshold=3, df=T)[] 
[3]
Overfull \hbox (155.58026pt too wide) in paragraph at lines 160--160
 []\T1/pcr/m/n/9 gorth(c("Klf4", "Pax5", "Sox2", "Nanog"), source_organism = "m
musculus", target_organism = "hsapiens")[] 
(/usr/local/texlive/2009/texmf-dist/tex/latex/base/utf8.def)
Overfull \hbox (36.78088pt too wide) in paragraph at lines 172--172
 []\T1/pcr/m/n/10 gprofiler(organism="scerevisiae", query, ordered_query=0, sig
nificant=1)[] 
[4] (/usr/local/texlive/2009/texmf-dist/tex/latex/base/utf8.def)
No file Rd2.ind.
[5] (./Rd2.aux) )
(see the transcript file for additional information){/usr/local/texlive/2009/te
xmf-dist/fonts/enc/dvips/base/8r.enc}</usr/local/texlive/2009/texmf-dist/fonts/
type1/urw/courier/ucrr8a.pfb></usr/local/texlive/2009/texmf-dist/fonts/type1/ur
w/helvetic/uhvr8a.pfb></usr/local/texlive/2009/texmf-dist/fonts/type1/urw/times
/utmb8a.pfb></usr/local/texlive/2009/texmf-dist/fonts/type1/urw/times/utmr8a.pf
b></usr/local/texlive/2009/texmf-dist/fonts/type1/urw/times/utmr8a.pfb></usr/lo
cal/texlive/2009/texmf-dist/fonts/type1/urw/times/utmri8a.pfb>
Output written on Rd2.pdf (5 pages, 88739 bytes).
Transcript written on Rd2.log.
This is makeindex, version 2.15 [TeX Live 2009] (kpathsea + Thai support).
Scanning input file Rd2.idx....done (6 entries accepted, 0 rejected).
Sorting entries....done (19 comparisons).
Generating output file Rd2.ind....done (16 lines written, 0 warnings).
Output written in Rd2.ind.
Transcript written in Rd2.ilg.
This is pdfTeX, Version 3.1415926-1.40.10 (TeX Live 2009)
entering extended mode
(./Rd2.tex
LaTeX2e <2009/09/24>
Babel <v3.8l> and hyphenation patterns for english, usenglishmax, dumylang, noh
yphenation, german-x-2009-06-19, ngerman-x-2009-06-19, ancientgreek, ibycus, ar
abic, basque, bulgarian, catalan, pinyin, coptic, croatian, czech, danish, dutc
h, esperanto, estonian, farsi, finnish, french, galician, german, ngerman, mono
greek, greek, hungarian, icelandic, indonesian, interlingua, irish, italian, ku
rmanji, latin, latvian, lithuanian, mongolian, mongolian2a, bokmal, nynorsk, po
lish, portuguese, romanian, russian, sanskrit, serbian, slovak, slovenian, span
ish, swedish, turkish, ukenglish, ukrainian, uppersorbian, welsh, loaded.

(/usr/local/texlive/2009/texmf-dist/tex/latex/base/book.cls
Document Class: book 2007/10/19 v1.4h Standard LaTeX document class
(/usr/local/texlive/2009/texmf-dist/tex/latex/base/bk10.clo))
(/Library/Frameworks/R.framework/Resources/share/texmf/Rd.sty
(/usr/local/texlive/2009/texmf-dist/tex/latex/base/ifthen.sty)
(/usr/local/texlive/2009/texmf-dist/tex/latex/tools/longtable.sty)
(/usr/local/texlive/2009/texmf-dist/tex/latex/tools/bm.sty)
(/usr/local/texlive/2009/texmf-dist/tex/latex/base/alltt.sty)
(/usr/local/texlive/2009/texmf-dist/tex/latex/tools/verbatim.sty)
(/usr/local/texlive/2009/texmf-dist/tex/latex/ltxmisc/url.sty)
(/Library/Frameworks/R.framework/Resources/share/texmf/upquote.sty
(/usr/local/texlive/2009/texmf-dist/tex/latex/base/textcomp.sty
(/usr/local/texlive/2009/texmf-dist/tex/latex/base/ts1enc.def)))
NOT loading ae (/usr/local/texlive/2009/texmf-dist/tex/latex/base/fontenc.sty
(/usr/local/texlive/2009/texmf-dist/tex/latex/base/t1enc.def))
(/usr/local/texlive/2009/texmf-dist/tex/latex/psnfss/times.sty)
NOT loading lmodern
(/usr/local/texlive/2009/texmf-dist/tex/latex/graphics/color.sty
(/usr/local/texlive/2009/texmf-dist/tex/latex/latexconfig/color.cfg)
(/usr/local/texlive/2009/texmf-dist/tex/latex/pdftex-def/pdftex.def))
(/usr/local/texlive/2009/texmf-dist/tex/latex/hyperref/hyperref.sty
(/usr/local/texlive/2009/texmf-dist/tex/latex/graphics/keyval.sty)
(/usr/local/texlive/2009/texmf-dist/tex/generic/oberdiek/ifpdf.sty)
(/usr/local/texlive/2009/texmf-dist/tex/generic/oberdiek/ifvtex.sty)
(/usr/local/texlive/2009/texmf-dist/tex/generic/ifxetex/ifxetex.sty)
(/usr/local/texlive/2009/texmf-dist/tex/latex/oberdiek/hycolor.sty
(/usr/local/texlive/2009/texmf-dist/tex/latex/oberdiek/xcolor-patch.sty))
(/usr/local/texlive/2009/texmf-dist/tex/latex/hyperref/pd1enc.def)
(/usr/local/texlive/2009/texmf-dist/tex/generic/oberdiek/etexcmds.sty
(/usr/local/texlive/2009/texmf-dist/tex/generic/oberdiek/infwarerr.sty))
(/usr/local/texlive/2009/texmf-dist/tex/latex/latexconfig/hyperref.cfg)
(/usr/local/texlive/2009/texmf-dist/tex/latex/oberdiek/kvoptions.sty
(/usr/local/texlive/2009/texmf-dist/tex/generic/oberdiek/kvsetkeys.sty))
Implicit mode ON; LaTeX internals redefined
(/usr/local/texlive/2009/texmf-dist/tex/generic/oberdiek/bitset.sty
(/usr/local/texlive/2009/texmf-dist/tex/generic/oberdiek/intcalc.sty)
(/usr/local/texlive/2009/texmf-dist/tex/generic/oberdiek/bigintcalc.sty
(/usr/local/texlive/2009/texmf-dist/tex/generic/oberdiek/pdftexcmds.sty
(/usr/local/texlive/2009/texmf-dist/tex/generic/oberdiek/ifluatex.sty)
(/usr/local/texlive/2009/texmf-dist/tex/generic/oberdiek/ltxcmds.sty))))
(/usr/local/texlive/2009/texmf-dist/tex/generic/oberdiek/atbegshi.sty))
*hyperref using default driver hpdftex*
(/usr/local/texlive/2009/texmf-dist/tex/latex/hyperref/hpdftex.def)

Package hyperref Warning: Option `hyperindex' has already been used,
(hyperref)                setting the option has no effect on input line 327.


Package hyperref Warning: Option `pagebackref' has already been used,
(hyperref)                setting the option has no effect on input line 327.

) (/usr/local/texlive/2009/texmf-dist/tex/latex/base/makeidx.sty)
(/usr/local/texlive/2009/texmf-dist/tex/latex/base/inputenc.sty
(/usr/local/texlive/2009/texmf-dist/tex/latex/base/utf8.def
(/usr/local/texlive/2009/texmf-dist/tex/latex/base/t1enc.dfu)
(/usr/local/texlive/2009/texmf-dist/tex/latex/base/ot1enc.dfu)
(/usr/local/texlive/2009/texmf-dist/tex/latex/base/omsenc.dfu)
(/usr/local/texlive/2009/texmf-dist/tex/latex/base/ts1enc.dfu))
(/usr/local/texlive/2009/texmf-dist/tex/latex/base/latin1.def))
Writing index file Rd2.idx
(./Rd2.aux) (/usr/local/texlive/2009/texmf-dist/tex/latex/base/ts1cmr.fd)
(/usr/local/texlive/2009/texmf-dist/tex/latex/psnfss/t1ptm.fd)
(/usr/local/texlive/2009/texmf-dist/tex/context/base/supp-pdf.mkii
[Loading MPS to PDF converter (version 2006.09.02).]
) (/usr/local/texlive/2009/texmf-dist/tex/latex/hyperref/nameref.sty
(/usr/local/texlive/2009/texmf-dist/tex/latex/oberdiek/refcount.sty))
(./Rd2.out) (./Rd2.out)
(/usr/local/texlive/2009/texmf-dist/tex/latex/psnfss/t1pcr.fd)
(/usr/local/texlive/2009/texmf-dist/tex/latex/psnfss/t1phv.fd) (./Rd2.toc)
(/usr/local/texlive/2009/texmf-dist/tex/latex/base/utf8.def)
(/usr/local/texlive/2009/texmf-dist/tex/latex/base/utf8.def) [1{/usr/local/texl
ive/2009/texmf-var/fonts/map/pdftex/updmap/pdftex.map}]
(/usr/local/texlive/2009/texmf-dist/tex/latex/base/utf8.def) [2]
(/usr/local/texlive/2009/texmf-dist/tex/latex/base/utf8.def)
Overfull \hbox (156.78088pt too wide) in paragraph at lines 121--121
 []\T1/pcr/m/n/10 gorth(genelist, source_organism="mmusculus", target_organism=
"hsapiens", mthreshold=3, df=T)[] 
[3]
Overfull \hbox (155.58026pt too wide) in paragraph at lines 160--160
 []\T1/pcr/m/n/9 gorth(c("Klf4", "Pax5", "Sox2", "Nanog"), source_organism = "m
musculus", target_organism = "hsapiens")[] 
(/usr/local/texlive/2009/texmf-dist/tex/latex/base/utf8.def)
Overfull \hbox (36.78088pt too wide) in paragraph at lines 172--172
 []\T1/pcr/m/n/10 gprofiler(organism="scerevisiae", query, ordered_query=0, sig
nificant=1)[] 
[4] (/usr/local/texlive/2009/texmf-dist/tex/latex/base/utf8.def) (./Rd2.ind
[5] [6]) (./Rd2.aux) )
(see the transcript file for additional information){/usr/local/texlive/2009/te
xmf-dist/fonts/enc/dvips/base/8r.enc}</usr/local/texlive/2009/texmf-dist/fonts/
type1/urw/courier/ucrr8a.pfb></usr/local/texlive/2009/texmf-dist/fonts/type1/ur
w/helvetic/uhvr8a.pfb></usr/local/texlive/2009/texmf-dist/fonts/type1/urw/times
/utmb8a.pfb></usr/local/texlive/2009/texmf-dist/fonts/type1/urw/times/utmr8a.pf
b></usr/local/texlive/2009/texmf-dist/fonts/type1/urw/times/utmr8a.pfb></usr/lo
cal/texlive/2009/texmf-dist/fonts/type1/urw/times/utmri8a.pfb>
Output written on Rd2.pdf (6 pages, 93589 bytes).
Transcript written on Rd2.log.
This is pdfTeX, Version 3.1415926-1.40.10 (TeX Live 2009)
entering extended mode
(./Rd2.tex
LaTeX2e <2009/09/24>
Babel <v3.8l> and hyphenation patterns for english, usenglishmax, dumylang, noh
yphenation, german-x-2009-06-19, ngerman-x-2009-06-19, ancientgreek, ibycus, ar
abic, basque, bulgarian, catalan, pinyin, coptic, croatian, czech, danish, dutc
h, esperanto, estonian, farsi, finnish, french, galician, german, ngerman, mono
greek, greek, hungarian, icelandic, indonesian, interlingua, irish, italian, ku
rmanji, latin, latvian, lithuanian, mongolian, mongolian2a, bokmal, nynorsk, po
lish, portuguese, romanian, russian, sanskrit, serbian, slovak, slovenian, span
ish, swedish, turkish, ukenglish, ukrainian, uppersorbian, welsh, loaded.

(/usr/local/texlive/2009/texmf-dist/tex/latex/base/book.cls
Document Class: book 2007/10/19 v1.4h Standard LaTeX document class
(/usr/local/texlive/2009/texmf-dist/tex/latex/base/bk10.clo))
(/Library/Frameworks/R.framework/Resources/share/texmf/Rd.sty
(/usr/local/texlive/2009/texmf-dist/tex/latex/base/ifthen.sty)
(/usr/local/texlive/2009/texmf-dist/tex/latex/tools/longtable.sty)
(/usr/local/texlive/2009/texmf-dist/tex/latex/tools/bm.sty)
(/usr/local/texlive/2009/texmf-dist/tex/latex/base/alltt.sty)
(/usr/local/texlive/2009/texmf-dist/tex/latex/tools/verbatim.sty)
(/usr/local/texlive/2009/texmf-dist/tex/latex/ltxmisc/url.sty)
(/Library/Frameworks/R.framework/Resources/share/texmf/upquote.sty
(/usr/local/texlive/2009/texmf-dist/tex/latex/base/textcomp.sty
(/usr/local/texlive/2009/texmf-dist/tex/latex/base/ts1enc.def)))
NOT loading ae (/usr/local/texlive/2009/texmf-dist/tex/latex/base/fontenc.sty
(/usr/local/texlive/2009/texmf-dist/tex/latex/base/t1enc.def))
(/usr/local/texlive/2009/texmf-dist/tex/latex/psnfss/times.sty)
NOT loading lmodern
(/usr/local/texlive/2009/texmf-dist/tex/latex/graphics/color.sty
(/usr/local/texlive/2009/texmf-dist/tex/latex/latexconfig/color.cfg)
(/usr/local/texlive/2009/texmf-dist/tex/latex/pdftex-def/pdftex.def))
(/usr/local/texlive/2009/texmf-dist/tex/latex/hyperref/hyperref.sty
(/usr/local/texlive/2009/texmf-dist/tex/latex/graphics/keyval.sty)
(/usr/local/texlive/2009/texmf-dist/tex/generic/oberdiek/ifpdf.sty)
(/usr/local/texlive/2009/texmf-dist/tex/generic/oberdiek/ifvtex.sty)
(/usr/local/texlive/2009/texmf-dist/tex/generic/ifxetex/ifxetex.sty)
(/usr/local/texlive/2009/texmf-dist/tex/latex/oberdiek/hycolor.sty
(/usr/local/texlive/2009/texmf-dist/tex/latex/oberdiek/xcolor-patch.sty))
(/usr/local/texlive/2009/texmf-dist/tex/latex/hyperref/pd1enc.def)
(/usr/local/texlive/2009/texmf-dist/tex/generic/oberdiek/etexcmds.sty
(/usr/local/texlive/2009/texmf-dist/tex/generic/oberdiek/infwarerr.sty))
(/usr/local/texlive/2009/texmf-dist/tex/latex/latexconfig/hyperref.cfg)
(/usr/local/texlive/2009/texmf-dist/tex/latex/oberdiek/kvoptions.sty
(/usr/local/texlive/2009/texmf-dist/tex/generic/oberdiek/kvsetkeys.sty))
Implicit mode ON; LaTeX internals redefined
(/usr/local/texlive/2009/texmf-dist/tex/generic/oberdiek/bitset.sty
(/usr/local/texlive/2009/texmf-dist/tex/generic/oberdiek/intcalc.sty)
(/usr/local/texlive/2009/texmf-dist/tex/generic/oberdiek/bigintcalc.sty
(/usr/local/texlive/2009/texmf-dist/tex/generic/oberdiek/pdftexcmds.sty
(/usr/local/texlive/2009/texmf-dist/tex/generic/oberdiek/ifluatex.sty)
(/usr/local/texlive/2009/texmf-dist/tex/generic/oberdiek/ltxcmds.sty))))
(/usr/local/texlive/2009/texmf-dist/tex/generic/oberdiek/atbegshi.sty))
*hyperref using default driver hpdftex*
(/usr/local/texlive/2009/texmf-dist/tex/latex/hyperref/hpdftex.def)

Package hyperref Warning: Option `hyperindex' has already been used,
(hyperref)                setting the option has no effect on input line 327.


Package hyperref Warning: Option `pagebackref' has already been used,
(hyperref)                setting the option has no effect on input line 327.

) (/usr/local/texlive/2009/texmf-dist/tex/latex/base/makeidx.sty)
(/usr/local/texlive/2009/texmf-dist/tex/latex/base/inputenc.sty
(/usr/local/texlive/2009/texmf-dist/tex/latex/base/utf8.def
(/usr/local/texlive/2009/texmf-dist/tex/latex/base/t1enc.dfu)
(/usr/local/texlive/2009/texmf-dist/tex/latex/base/ot1enc.dfu)
(/usr/local/texlive/2009/texmf-dist/tex/latex/base/omsenc.dfu)
(/usr/local/texlive/2009/texmf-dist/tex/latex/base/ts1enc.dfu))
(/usr/local/texlive/2009/texmf-dist/tex/latex/base/latin1.def))
Writing index file Rd2.idx
(./Rd2.aux) (/usr/local/texlive/2009/texmf-dist/tex/latex/base/ts1cmr.fd)
(/usr/local/texlive/2009/texmf-dist/tex/latex/psnfss/t1ptm.fd)
(/usr/local/texlive/2009/texmf-dist/tex/context/base/supp-pdf.mkii
[Loading MPS to PDF converter (version 2006.09.02).]
) (/usr/local/texlive/2009/texmf-dist/tex/latex/hyperref/nameref.sty
(/usr/local/texlive/2009/texmf-dist/tex/latex/oberdiek/refcount.sty))
(./Rd2.out) (./Rd2.out)
(/usr/local/texlive/2009/texmf-dist/tex/latex/psnfss/t1pcr.fd)
(/usr/local/texlive/2009/texmf-dist/tex/latex/psnfss/t1phv.fd) (./Rd2.toc)
(/usr/local/texlive/2009/texmf-dist/tex/latex/base/utf8.def)
(/usr/local/texlive/2009/texmf-dist/tex/latex/base/utf8.def) [1{/usr/local/texl
ive/2009/texmf-var/fonts/map/pdftex/updmap/pdftex.map}]
(/usr/local/texlive/2009/texmf-dist/tex/latex/base/utf8.def) [2]
(/usr/local/texlive/2009/texmf-dist/tex/latex/base/utf8.def)
Overfull \hbox (156.78088pt too wide) in paragraph at lines 121--121
 []\T1/pcr/m/n/10 gorth(genelist, source_organism="mmusculus", target_organism=
"hsapiens", mthreshold=3, df=T)[] 
[3]
Overfull \hbox (155.58026pt too wide) in paragraph at lines 160--160
 []\T1/pcr/m/n/9 gorth(c("Klf4", "Pax5", "Sox2", "Nanog"), source_organism = "m
musculus", target_organism = "hsapiens")[] 
(/usr/local/texlive/2009/texmf-dist/tex/latex/base/utf8.def)
Overfull \hbox (36.78088pt too wide) in paragraph at lines 172--172
 []\T1/pcr/m/n/10 gprofiler(organism="scerevisiae", query, ordered_query=0, sig
nificant=1)[] 
[4] (/usr/local/texlive/2009/texmf-dist/tex/latex/base/utf8.def) (./Rd2.ind
[5] [6]) (./Rd2.aux) )
(see the transcript file for additional information){/usr/local/texlive/2009/te
xmf-dist/fonts/enc/dvips/base/8r.enc}</usr/local/texlive/2009/texmf-dist/fonts/
type1/urw/courier/ucrr8a.pfb></usr/local/texlive/2009/texmf-dist/fonts/type1/ur
w/helvetic/uhvr8a.pfb></usr/local/texlive/2009/texmf-dist/fonts/type1/urw/times
/utmb8a.pfb></usr/local/texlive/2009/texmf-dist/fonts/type1/urw/times/utmr8a.pf
b></usr/local/texlive/2009/texmf-dist/fonts/type1/urw/times/utmr8a.pfb></usr/lo
cal/texlive/2009/texmf-dist/fonts/type1/urw/times/utmri8a.pfb>
Output written on Rd2.pdf (6 pages, 94172 bytes).
Transcript written on Rd2.log.
This is pdfTeX, Version 3.1415926-1.40.10 (TeX Live 2009)
entering extended mode
(./Rd2.tex
LaTeX2e <2009/09/24>
Babel <v3.8l> and hyphenation patterns for english, usenglishmax, dumylang, noh
yphenation, german-x-2009-06-19, ngerman-x-2009-06-19, ancientgreek, ibycus, ar
abic, basque, bulgarian, catalan, pinyin, coptic, croatian, czech, danish, dutc
h, esperanto, estonian, farsi, finnish, french, galician, german, ngerman, mono
greek, greek, hungarian, icelandic, indonesian, interlingua, irish, italian, ku
rmanji, latin, latvian, lithuanian, mongolian, mongolian2a, bokmal, nynorsk, po
lish, portuguese, romanian, russian, sanskrit, serbian, slovak, slovenian, span
ish, swedish, turkish, ukenglish, ukrainian, uppersorbian, welsh, loaded.

(/usr/local/texlive/2009/texmf-dist/tex/latex/base/book.cls
Document Class: book 2007/10/19 v1.4h Standard LaTeX document class
(/usr/local/texlive/2009/texmf-dist/tex/latex/base/bk10.clo))
(/Library/Frameworks/R.framework/Resources/share/texmf/Rd.sty
(/usr/local/texlive/2009/texmf-dist/tex/latex/base/ifthen.sty)
(/usr/local/texlive/2009/texmf-dist/tex/latex/tools/longtable.sty)
(/usr/local/texlive/2009/texmf-dist/tex/latex/tools/bm.sty)
(/usr/local/texlive/2009/texmf-dist/tex/latex/base/alltt.sty)
(/usr/local/texlive/2009/texmf-dist/tex/latex/tools/verbatim.sty)
(/usr/local/texlive/2009/texmf-dist/tex/latex/ltxmisc/url.sty)
(/Library/Frameworks/R.framework/Resources/share/texmf/upquote.sty
(/usr/local/texlive/2009/texmf-dist/tex/latex/base/textcomp.sty
(/usr/local/texlive/2009/texmf-dist/tex/latex/base/ts1enc.def)))
NOT loading ae (/usr/local/texlive/2009/texmf-dist/tex/latex/base/fontenc.sty
(/usr/local/texlive/2009/texmf-dist/tex/latex/base/t1enc.def))
(/usr/local/texlive/2009/texmf-dist/tex/latex/psnfss/times.sty)
NOT loading lmodern
(/usr/local/texlive/2009/texmf-dist/tex/latex/graphics/color.sty
(/usr/local/texlive/2009/texmf-dist/tex/latex/latexconfig/color.cfg)
(/usr/local/texlive/2009/texmf-dist/tex/latex/pdftex-def/pdftex.def))
(/usr/local/texlive/2009/texmf-dist/tex/latex/hyperref/hyperref.sty
(/usr/local/texlive/2009/texmf-dist/tex/latex/graphics/keyval.sty)
(/usr/local/texlive/2009/texmf-dist/tex/generic/oberdiek/ifpdf.sty)
(/usr/local/texlive/2009/texmf-dist/tex/generic/oberdiek/ifvtex.sty)
(/usr/local/texlive/2009/texmf-dist/tex/generic/ifxetex/ifxetex.sty)
(/usr/local/texlive/2009/texmf-dist/tex/latex/oberdiek/hycolor.sty
(/usr/local/texlive/2009/texmf-dist/tex/latex/oberdiek/xcolor-patch.sty))
(/usr/local/texlive/2009/texmf-dist/tex/latex/hyperref/pd1enc.def)
(/usr/local/texlive/2009/texmf-dist/tex/generic/oberdiek/etexcmds.sty
(/usr/local/texlive/2009/texmf-dist/tex/generic/oberdiek/infwarerr.sty))
(/usr/local/texlive/2009/texmf-dist/tex/latex/latexconfig/hyperref.cfg)
(/usr/local/texlive/2009/texmf-dist/tex/latex/oberdiek/kvoptions.sty
(/usr/local/texlive/2009/texmf-dist/tex/generic/oberdiek/kvsetkeys.sty))
Implicit mode ON; LaTeX internals redefined
(/usr/local/texlive/2009/texmf-dist/tex/generic/oberdiek/bitset.sty
(/usr/local/texlive/2009/texmf-dist/tex/generic/oberdiek/intcalc.sty)
(/usr/local/texlive/2009/texmf-dist/tex/generic/oberdiek/bigintcalc.sty
(/usr/local/texlive/2009/texmf-dist/tex/generic/oberdiek/pdftexcmds.sty
(/usr/local/texlive/2009/texmf-dist/tex/generic/oberdiek/ifluatex.sty)
(/usr/local/texlive/2009/texmf-dist/tex/generic/oberdiek/ltxcmds.sty))))
(/usr/local/texlive/2009/texmf-dist/tex/generic/oberdiek/atbegshi.sty))
*hyperref using default driver hpdftex*
(/usr/local/texlive/2009/texmf-dist/tex/latex/hyperref/hpdftex.def)

Package hyperref Warning: Option `hyperindex' has already been used,
(hyperref)                setting the option has no effect on input line 327.


Package hyperref Warning: Option `pagebackref' has already been used,
(hyperref)                setting the option has no effect on input line 327.

) (/usr/local/texlive/2009/texmf-dist/tex/latex/base/makeidx.sty)
(/usr/local/texlive/2009/texmf-dist/tex/latex/base/inputenc.sty
(/usr/local/texlive/2009/texmf-dist/tex/latex/base/utf8.def
(/usr/local/texlive/2009/texmf-dist/tex/latex/base/t1enc.dfu)
(/usr/local/texlive/2009/texmf-dist/tex/latex/base/ot1enc.dfu)
(/usr/local/texlive/2009/texmf-dist/tex/latex/base/omsenc.dfu)
(/usr/local/texlive/2009/texmf-dist/tex/latex/base/ts1enc.dfu))
(/usr/local/texlive/2009/texmf-dist/tex/latex/base/latin1.def))
Writing index file Rd2.idx
(./Rd2.aux) (/usr/local/texlive/2009/texmf-dist/tex/latex/base/ts1cmr.fd)
(/usr/local/texlive/2009/texmf-dist/tex/latex/psnfss/t1ptm.fd)
(/usr/local/texlive/2009/texmf-dist/tex/context/base/supp-pdf.mkii
[Loading MPS to PDF converter (version 2006.09.02).]
) (/usr/local/texlive/2009/texmf-dist/tex/latex/hyperref/nameref.sty
(/usr/local/texlive/2009/texmf-dist/tex/latex/oberdiek/refcount.sty))
(./Rd2.out) (./Rd2.out)
(/usr/local/texlive/2009/texmf-dist/tex/latex/psnfss/t1pcr.fd)
(/usr/local/texlive/2009/texmf-dist/tex/latex/psnfss/t1phv.fd) (./Rd2.toc)
(/usr/local/texlive/2009/texmf-dist/tex/latex/base/utf8.def)
(/usr/local/texlive/2009/texmf-dist/tex/latex/base/utf8.def) [1{/usr/local/texl
ive/2009/texmf-var/fonts/map/pdftex/updmap/pdftex.map}]
(/usr/local/texlive/2009/texmf-dist/tex/latex/base/utf8.def) [2]
(/usr/local/texlive/2009/texmf-dist/tex/latex/base/utf8.def)
Overfull \hbox (156.78088pt too wide) in paragraph at lines 121--121
 []\T1/pcr/m/n/10 gorth(genelist, source_organism="mmusculus", target_organism=
"hsapiens", mthreshold=3, df=T)[] 
[3]
Overfull \hbox (155.58026pt too wide) in paragraph at lines 160--160
 []\T1/pcr/m/n/9 gorth(c("Klf4", "Pax5", "Sox2", "Nanog"), source_organism = "m
musculus", target_organism = "hsapiens")[] 
(/usr/local/texlive/2009/texmf-dist/tex/latex/base/utf8.def)
Overfull \hbox (36.78088pt too wide) in paragraph at lines 172--172
 []\T1/pcr/m/n/10 gprofiler(organism="scerevisiae", query, ordered_query=0, sig
nificant=1)[] 
[4] (/usr/local/texlive/2009/texmf-dist/tex/latex/base/utf8.def) (./Rd2.ind
[5] [6]) (./Rd2.aux) )
(see the transcript file for additional information){/usr/local/texlive/2009/te
xmf-dist/fonts/enc/dvips/base/8r.enc}</usr/local/texlive/2009/texmf-dist/fonts/
type1/urw/courier/ucrr8a.pfb></usr/local/texlive/2009/texmf-dist/fonts/type1/ur
w/helvetic/uhvr8a.pfb></usr/local/texlive/2009/texmf-dist/fonts/type1/urw/times
/utmb8a.pfb></usr/local/texlive/2009/texmf-dist/fonts/type1/urw/times/utmr8a.pf
b></usr/local/texlive/2009/texmf-dist/fonts/type1/urw/times/utmr8a.pfb></usr/lo
cal/texlive/2009/texmf-dist/fonts/type1/urw/times/utmri8a.pfb>
Output written on Rd2.pdf (6 pages, 94172 bytes).
Transcript written on Rd2.log.
Saving output to 'RUtil-manual.pdf' ...
Done
You may want to clean up by 'rm -rf /var/folders/Yn/Yn8vPo5iG3qiEsyJ8D3j6++++TI/-Tmp-//Rd2dvi7962148731'
